<html>
<body>
<pre>
<h1>Vision Build Log</h1>
<h2>Tool Versions:</h2>
IDE-Version: μVision V5.14.0.0
Copyright (C) 2015 ARM Ltd and ARM Germany GmbH. All rights reserved.
License Information: 1 USER, CHINA, LIC=GMZ45-GL901-ADQKK-ZW22M-5IIFE-7I5H7
 
Tool Versions:
Toolchain:       MDK-ARM Standard  Version: 5.14.0.0
Toolchain Path:  C:\Keil_v5\ARM\ARMCC\Bin
C Compiler:      Armcc.exe V5.05 update 1 (build 106)
Assembler:       Armasm.exe V5.05 update 1 (build 106)
Linker/Locator:  ArmLink.exe V5.05 update 1 (build 106)
Library Manager: ArmAr.exe V5.05 update 1 (build 106)
Hex Converter:   FromElf.exe V5.05 update 1 (build 106)
CPU DLL:         SARMCM3.DLL V5.14.0.0
Dialog DLL:      DCM.DLL V1.13.1.0
Target DLL:      Segger\JL2CM3.dll V2.99.13.0
Dialog DLL:      TCM.DLL V1.14.4.0
 
<h2>Project:</h2>
E:\创新项目\2015小四轴\small quadrotor\small quadrotor.uvprojx
Project File Date:  11/03/2015

<h2>Output:</h2>
Build target 'micro quadrotor'
compiling bmp280.c...
compiling bmp280_support.c...
User\bmp280_support.c(267): warning:  #513-D: a value of type "void (*)(u32)" cannot be assigned to an entity of type "void (*)(u16)"
        bmp280.delay_msec = BMP280_delay_msek;
User\bmp280_support.c(286): warning:  #513-D: a value of type "void (*)(u32)" cannot be assigned to an entity of type "void (*)(u16)"
        bmp280.delay_msec = BMP280_delay_msek;
User\bmp280_support.c(319): error:  #20: identifier "BMP280_ONE_U8X" is undefined
                array[stringpos + BMP280_ONE_U8X] = *(reg_data + stringpos);
User\bmp280_support.c(400): error:  #20: identifier "BMP280_ONE_U8X" is undefined
                *(reg_data + stringpos) = array[stringpos+BMP280_ONE_U8X];
User\bmp280_support.c(416): error:  #20: identifier "BMP280_TWO_U8X" is undefined
        u8 array[SPI_BUFFER_LEN * BMP280_TWO_U8X];
User\bmp280_support.c(423): error:  #20: identifier "BMP280_ONE_U8X" is undefined
                array[stringpos * BMP280_TWO_U8X + BMP280_ONE_U8X] = *(reg_data + stringpos);
User\bmp280_support.c: 2 warnings, 4 errors
compiling main.c...
C:\Keil_v5\ARM\PACK\ARM\CMSIS\4.3.0\CMSIS\Include\arm_math.h(552): warning:  #64-D: declaration does not declare anything
    static __INLINE uint32_t arm_recip_q31(
C:\Keil_v5\ARM\PACK\ARM\CMSIS\4.3.0\CMSIS\Include\arm_math.h(552): warning:  #1000-D: a storage class may not be specified here
    static __INLINE uint32_t arm_recip_q31(
C:\Keil_v5\ARM\PACK\ARM\CMSIS\4.3.0\CMSIS\Include\arm_math.h(552): error:  #325: inline specifier allowed on function declarations only
    static __INLINE uint32_t arm_recip_q31(
C:\Keil_v5\ARM\PACK\ARM\CMSIS\4.3.0\CMSIS\Include\arm_math.h(552): error:  #260-D: explicit type is missing ("int" assumed)
    static __INLINE uint32_t arm_recip_q31(
C:\Keil_v5\ARM\PACK\ARM\CMSIS\4.3.0\CMSIS\Include\arm_math.h(558): warning:  #64-D: declaration does not declare anything
      uint32_t out, tempVal;
C:\Keil_v5\ARM\PACK\ARM\CMSIS\4.3.0\CMSIS\Include\arm_math.h(558): error:  #20: identifier "out" is undefined
      uint32_t out, tempVal;
C:\Keil_v5\ARM\PACK\ARM\CMSIS\4.3.0\CMSIS\Include\arm_math.h(558): error:  #20: identifier "tempVal" is undefined
      uint32_t out, tempVal;
C:\Keil_v5\ARM\PACK\ARM\CMSIS\4.3.0\CMSIS\Include\arm_math.h(559): warning:  #64-D: declaration does not declare anything
      uint32_t index, i;
C:\Keil_v5\ARM\PACK\ARM\CMSIS\4.3.0\CMSIS\Include\arm_math.h(559): error:  #20: identifier "index" is undefined
      uint32_t index, i;
C:\Keil_v5\ARM\PACK\ARM\CMSIS\4.3.0\CMSIS\Include\arm_math.h(559): error:  #20: identifier "i" is undefined
      uint32_t index, i;
C:\Keil_v5\ARM\PACK\ARM\CMSIS\4.3.0\CMSIS\Include\arm_math.h(560): warning:  #64-D: declaration does not declare anything
      uint32_t signBits;
C:\Keil_v5\ARM\PACK\ARM\CMSIS\4.3.0\CMSIS\Include\arm_math.h(560): error:  #20: identifier "signBits" is undefined
      uint32_t signBits;
C:\Keil_v5\ARM\PACK\ARM\CMSIS\4.3.0\CMSIS\Include\arm_math.h(575): error:  #18: expected a ")"
      index = (uint32_t) (in >> 24u);
C:\Keil_v5\ARM\PACK\ARM\CMSIS\4.3.0\CMSIS\Include\arm_math.h(575): error:  #29: expected an expression
      index = (uint32_t) (in >> 24u);
C:\Keil_v5\ARM\PACK\ARM\CMSIS\4.3.0\CMSIS\Include\arm_math.h(575): error:  #29: expected an expression
      index = (uint32_t) (in >> 24u);
C:\Keil_v5\ARM\PACK\ARM\CMSIS\4.3.0\CMSIS\Include\arm_math.h(603): warning:  #64-D: declaration does not declare anything
    static __INLINE uint32_t arm_recip_q15(
C:\Keil_v5\ARM\PACK\ARM\CMSIS\4.3.0\CMSIS\Include\arm_math.h(603): warning:  #1000-D: a storage class may not be specified here
    static __INLINE uint32_t arm_recip_q15(
C:\Keil_v5\ARM\PACK\ARM\CMSIS\4.3.0\CMSIS\Include\arm_math.h(603): error:  #325: inline specifier allowed on function declarations only
    static __INLINE uint32_t arm_recip_q15(
C:\Keil_v5\ARM\PACK\ARM\CMSIS\4.3.0\CMSIS\Include\arm_math.h(603): error:  #260-D: explicit type is missing ("int" assumed)
    static __INLINE uint32_t arm_recip_q15(
C:\Keil_v5\ARM\PACK\ARM\CMSIS\4.3.0\CMSIS\Include\arm_math.h(609): warning:  #64-D: declaration does not declare anything
      uint32_t out = 0, tempVal = 0;
C:\Keil_v5\ARM\PACK\ARM\CMSIS\4.3.0\CMSIS\Include\arm_math.h(609): error:  #20: identifier "out" is undefined
      uint32_t out = 0, tempVal = 0;
C:\Keil_v5\ARM\PACK\ARM\CMSIS\4.3.0\CMSIS\Include\arm_math.h(609): error:  #20: identifier "tempVal" is undefined
      uint32_t out = 0, tempVal = 0;
C:\Keil_v5\ARM\PACK\ARM\CMSIS\4.3.0\CMSIS\Include\arm_math.h(610): warning:  #64-D: declaration does not declare anything
      uint32_t index = 0, i = 0;
C:\Keil_v5\ARM\PACK\ARM\CMSIS\4.3.0\CMSIS\Include\arm_math.h(610): error:  #20: identifier "index" is undefined
      uint32_t index = 0, i = 0;
C:\Keil_v5\ARM\PACK\ARM\CMSIS\4.3.0\CMSIS\Include\arm_math.h(610): error:  #20: identifier "i" is undefined
      uint32_t index = 0, i = 0;
C:\Keil_v5\ARM\PACK\ARM\CMSIS\4.3.0\CMSIS\Include\arm_math.h(611): warning:  #64-D: declaration does not declare anything
      uint32_t signBits = 0;
C:\Keil_v5\ARM\PACK\ARM\CMSIS\4.3.0\CMSIS\Include\arm_math.h(611): error:  #20: identifier "signBits" is undefined
      uint32_t signBits = 0;
C:\Keil_v5\ARM\PACK\ARM\CMSIS\4.3.0\CMSIS\Include\arm_math.h(1083): warning:  #64-D: declaration does not declare anything
      uint16_t numTaps;        /**< number of filter coefficients in the filter. */
C:\Keil_v5\ARM\PACK\ARM\CMSIS\4.3.0\CMSIS\Include\arm_math.h(1083): error:  #77-D: this declaration has no storage class or type specifier
      uint16_t numTaps;        /**< number of filter coefficients in the filter. */
C:\Keil_v5\ARM\PACK\ARM\CMSIS\4.3.0\CMSIS\Include\arm_math.h(1093): warning:  #64-D: declaration does not declare anything
      uint16_t numTaps;         /**< number of filter coefficients in the filter. */
C:\Keil_v5\ARM\PACK\ARM\CMSIS\4.3.0\CMSIS\Include\arm_math.h(1093): error:  #77-D: this declaration has no storage class or type specifier
      uint16_t numTaps;         /**< number of filter coefficients in the filter. */
C:\Keil_v5\ARM\PACK\ARM\CMSIS\4.3.0\CMSIS\Include\arm_math.h(1103): warning:  #64-D: declaration does not declare anything
      uint16_t numTaps;         /**< number of filter coefficients in the filter. */
C:\Keil_v5\ARM\PACK\ARM\CMSIS\4.3.0\CMSIS\Include\arm_math.h(1103): error:  #77-D: this declaration has no storage class or type specifier
      uint16_t numTaps;         /**< number of filter coefficients in the filter. */
C:\Keil_v5\ARM\PACK\ARM\CMSIS\4.3.0\CMSIS\Include\arm_math.h(1113): warning:  #64-D: declaration does not declare anything
      uint16_t numTaps;     /**< number of filter coefficients in the filter. */
C:\Keil_v5\ARM\PACK\ARM\CMSIS\4.3.0\CMSIS\Include\arm_math.h(1113): error:  #77-D: this declaration has no storage class or type specifier
      uint16_t numTaps;     /**< number of filter coefficients in the filter. */
C:\Keil_v5\ARM\PACK\ARM\CMSIS\4.3.0\CMSIS\Include\arm_math.h(1131): error:  #18: expected a ")"
    uint32_t blockSize);
C:\Keil_v5\ARM\PACK\ARM\CMSIS\4.3.0\CMSIS\Include\arm_math.h(1131): error:  #77-D: this declaration has no storage class or type specifier
    uint32_t blockSize);
C:\Keil_v5\ARM\PACK\ARM\CMSIS\4.3.0\CMSIS\Include\arm_math.h(1131): error:  #65: expected a ";"
    uint32_t blockSize);
C:\Keil_v5\ARM\PACK\ARM\CMSIS\4.3.0\CMSIS\Include\arm_math.h(1145): error:  #18: expected a ")"
    uint16_t numTaps,
C:\Keil_v5\ARM\PACK\ARM\CMSIS\4.3.0\CMSIS\Include\arm_math.h(1145): error:  #77-D: this declaration has no storage class or type specifier
    uint16_t numTaps,
C:\Keil_v5\ARM\PACK\ARM\CMSIS\4.3.0\CMSIS\Include\arm_math.h(1146): error:  #77-D: this declaration has no storage class or type specifier
    q7_t * pCoeffs,
C:\Keil_v5\ARM\PACK\ARM\CMSIS\4.3.0\CMSIS\Include\arm_math.h(1146): error:  #101: "q7_t" has already been declared in the current scope
    q7_t * pCoeffs,
C:\Keil_v5\ARM\PACK\ARM\CMSIS\4.3.0\CMSIS\Include\arm_math.h(1146): error:  #65: expected a ";"
    q7_t * pCoeffs,
C:\Keil_v5\ARM\PACK\ARM\CMSIS\4.3.0\CMSIS\Include\arm_math.h(1148): error:  #77-D: this declaration has no storage class or type specifier
    uint32_t blockSize);
User\main.c: 14 warnings, 30 errors
compiling spi.c...
User\spi.h(24): error:  #20: identifier "u8" is undefined
  void SPI2_SetSpeed(u8 SpeedSet);  //设置SPI2速度   
User\spi.h(25): error:  #20: identifier "u8" is undefined
  u8 SPI2_ReadWriteByte(u8 TxData);//SPI2总线读写一个字节
User\spi.h(25): error:  #20: identifier "u8" is undefined
  u8 SPI2_ReadWriteByte(u8 TxData);//SPI2总线读写一个字节
User\spi.c(20): error:  #20: identifier "GPIO_InitTypeDef" is undefined
        GPIO_InitTypeDef  GPIO_InitStructure;
User\spi.c(21): error:  #20: identifier "SPI_InitTypeDef" is undefined
        SPI_InitTypeDef   SPI_InitStructure;
User\spi.c(23): warning:  #223-D: function "RCC_AHB1PeriphClockCmd" declared implicitly
        RCC_AHB1PeriphClockCmd(RCC_AHB1Periph_GPIOB, ENABLE);//使能GPIOB时钟
User\spi.c(23): error:  #20: identifier "RCC_AHB1Periph_GPIOB" is undefined
        RCC_AHB1PeriphClockCmd(RCC_AHB1Periph_GPIOB, ENABLE);//使能GPIOB时钟
User\spi.c(24): warning:  #223-D: function "RCC_APB2PeriphClockCmd" declared implicitly
        RCC_APB2PeriphClockCmd(RCC_APB1Periph_SPI2, ENABLE);//使能SPI2时钟
User\spi.c(24): error:  #20: identifier "RCC_APB1Periph_SPI2" is undefined
        RCC_APB2PeriphClockCmd(RCC_APB1Periph_SPI2, ENABLE);//使能SPI2时钟
User\spi.c(27): error:  #20: identifier "GPIO_Pin_13" is undefined
        GPIO_InitStructure.GPIO_Pin = GPIO_Pin_13|GPIO_Pin_14|GPIO_Pin_15;//PB13~15复用功能输出 
User\spi.c(27): error:  #20: identifier "GPIO_Pin_14" is undefined
        GPIO_InitStructure.GPIO_Pin = GPIO_Pin_13|GPIO_Pin_14|GPIO_Pin_15;//PB13~15复用功能输出 
User\spi.c(27): error:  #20: identifier "GPIO_Pin_15" is undefined
        GPIO_InitStructure.GPIO_Pin = GPIO_Pin_13|GPIO_Pin_14|GPIO_Pin_15;//PB13~15复用功能输出 
User\spi.c(28): error:  #20: identifier "GPIO_Mode_AF" is undefined
        GPIO_InitStructure.GPIO_Mode = GPIO_Mode_AF;//复用功能
User\spi.c(29): error:  #20: identifier "GPIO_OType_PP" is undefined
        GPIO_InitStructure.GPIO_OType = GPIO_OType_PP;//推挽输出
User\spi.c(30): error:  #20: identifier "GPIO_Speed_100MHz" is undefined
        GPIO_InitStructure.GPIO_Speed = GPIO_Speed_100MHz;//100MHz
User\spi.c(31): error:  #20: identifier "GPIO_PuPd_UP" is undefined
        GPIO_InitStructure.GPIO_PuPd = GPIO_PuPd_UP;//上拉
User\spi.c(32): warning:  #223-D: function "GPIO_Init" declared implicitly
        GPIO_Init(GPIOB, &GPIO_InitStructure);//初始化
User\spi.c(32): error:  #20: identifier "u32" is undefined
        GPIO_Init(GPIOB, &GPIO_InitStructure);//初始化
User\spi.c(32): error:  #18: expected a ")"
        GPIO_Init(GPIOB, &GPIO_InitStructure);//初始化
User\spi.c(32): error:  #18: expected a ")"
        GPIO_Init(GPIOB, &GPIO_InitStructure);//初始化
User\spi.c(32): error:  #18: expected a ")"
        GPIO_Init(GPIOB, &GPIO_InitStructure);//初始化
User\spi.c(32): error:  #18: expected a ")"
        GPIO_Init(GPIOB, &GPIO_InitStructure);//初始化
User\spi.c(32): error:  #18: expected a ")"
        GPIO_Init(GPIOB, &GPIO_InitStructure);//初始化
User\spi.c(32): error:  #18: expected a ")"
        GPIO_Init(GPIOB, &GPIO_InitStructure);//初始化
User\spi.c(32): error:  #29: expected an expression
        GPIO_Init(GPIOB, &GPIO_InitStructure);//初始化
User\spi.c(39): warning:  #223-D: function "RCC_APB1PeriphResetCmd" declared implicitly
        RCC_APB1PeriphResetCmd(RCC_APB1Periph_SPI2,ENABLE);//复位SPI2
User\spi.c(42): error:  #20: identifier "SPI_Direction_2Lines_FullDuplex" is undefined
        SPI_InitStructure.SPI_Direction = SPI_Direction_2Lines_FullDuplex;  //设置SPI单向或者双向的数据模式:SPI设置为双线双向全双工
User\spi.c(43): error:  #20: identifier "SPI_Mode_Master" is undefined
        SPI_InitStructure.SPI_Mode = SPI_Mode_Master;           //设置SPI工作模式:设置为主SPI
User\spi.c(44): error:  #20: identifier "SPI_DataSize_8b" is undefined
        SPI_InitStructure.SPI_DataSize = SPI_DataSize_8b;               //设置SPI的数据大小:SPI发送接收8位帧结构
User\spi.c(45): error:  #20: identifier "SPI_CPOL_High" is undefined
        SPI_InitStructure.SPI_CPOL = SPI_CPOL_High;             //串行同步时钟的空闲状态为高电平
User\spi.c(46): error:  #20: identifier "SPI_CPHA_2Edge" is undefined
        SPI_InitStructure.SPI_CPHA = SPI_CPHA_2Edge;    //串行同步时钟的第二个跳变沿（上升或下降）数据被采样
User\spi.c(47): error:  #20: identifier "SPI_NSS_Soft" is undefined
        SPI_InitStructure.SPI_NSS = SPI_NSS_Soft;               //NSS信号由硬件（NSS管脚）还是软件（使用SSI位）管理:内部NSS信号有SSI位控制
User\spi.c(48): error:  #20: identifier "SPI_BaudRatePrescaler_256" is undefined
        SPI_InitStructure.SPI_BaudRatePrescaler = SPI_BaudRatePrescaler_256;            //定义波特率预分频的值:波特率预分频值为256
User\spi.c(49): error:  #20: identifier "SPI_FirstBit_MSB" is undefined
        SPI_InitStructure.SPI_FirstBit = SPI_FirstBit_MSB;      //指定数据传输从MSB位还是LSB位开始:数据传输从MSB位开始
User\spi.c: 4 warnings, 30 errors
compiling stm32f4xx_hal.c...
compiling stm32f4xx_hal_adc.c...
compiling stm32f4xx_hal_adc_ex.c...
compiling stm32f4xx_hal_cortex.c...
compiling stm32f4xx_hal_dma.c...
compiling stm32f4xx_hal_dma_ex.c...
compiling stm32f4xx_hal_gpio.c...
compiling stm32f4xx_hal_pwr.c...
compiling stm32f4xx_hal_pwr_ex.c...
compiling stm32f4xx_hal_rcc.c...
compiling stm32f4xx_hal_rcc_ex.c...
compiling stm32f4xx_hal_spi.c...
compiling stm32f4xx_hal_tim.c...
compiling stm32f4xx_hal_tim_ex.c...
compiling stm32f4xx_hal_uart.c...
compiling stm32f4xx_hal_usart.c...
assembling startup_stm32f411xe.s...
compiling system_stm32f4xx.c...
".\Objects\small quadrotor.axf" - 64 Error(s), 20 Warning(s).

<h2>Software Packages used:</h2>

Package Vendor: ARM
                http://www.keil.com/pack/ARM.CMSIS.4.3.0.pack
                ARM::CMSIS:CORE:4.1.0
                CMSIS (Cortex Microcontroller Software Interface Standard)
   * Component: CORE Version: 4.1.0
   * Component: DSP Version: 1.4.5

Package Vendor: Keil
                http://www.keil.com/pack/Keil.STM32F4xx_DFP.2.4.0.pack
                ::Device:STM32Cube Framework (API)
                STMicroelectronics STM32F4 Series Device Support, Drivers and Examples
   * Component: STM32Cube Framework Version: 
   * Component: Startup Version: 2.1.0
   * Component: Classic Version: 1.1.0
   * Component: Common Version: 1.1.0
   * Component: ADC Version: 1.1.0
   * Component: Cortex Version: 1.1.0
   * Component: DMA Version: 1.1.0
   * Component: GPIO Version: 1.1.0
   * Component: PWR Version: 1.1.0
   * Component: RCC Version: 1.1.0
   * Component: SPI Version: 1.1.0
   * Component: TIM Version: 1.1.0
   * Component: UART Version: 1.1.0
   * Component: USART Version: 1.1.0

<h2>Collection of Component include folders:</h2>
  E:\创新项目\2015小四轴\small quadrotor\RTE
  E:\创新项目\2015小四轴\small quadrotor\RTE\Device\STM32F411CEUx
  C:\Keil_v5\ARM\PACK\ARM\CMSIS\4.3.0\CMSIS\Include
  C:\Keil_v5\ARM\PACK\Keil\STM32F4xx_DFP\2.4.0
  C:\Keil_v5\ARM\PACK\Keil\STM32F4xx_DFP\2.4.0\Drivers\CMSIS\Device\ST\STM32F4xx\Include
  C:\Keil_v5\ARM\PACK\Keil\STM32F4xx_DFP\2.4.0\Drivers\STM32F4xx_HAL_Driver\Inc

<h2>Collection of Component Files used:</h2>

   * Component: ARM::CMSIS:CORE:4.1.0

   * Component: ARM::CMSIS:DSP:1.4.5
      Include file:  CMSIS\Include\arm_math.h
      Library file:  CMSIS\Lib\ARM\arm_cortexM4lf_math.lib

   * Component: ::Device:STM32Cube Framework (API)

   * Component: Keil::Device:Startup:2.1.0
      Source file:   MDK\Device\Source\ARM\STM32F4xx_OTP.s
      Include file:  Drivers\CMSIS\Device\ST\STM32F4xx\Include\stm32f4xx.h
      Source file:   Drivers\CMSIS\Device\ST\STM32F4xx\Source\Templates\arm\startup_stm32f411xe.s
      Source file:   MDK\Device\Source\ARM\system_stm32f4xx.c

   * Component: Keil::Device:STM32Cube Framework:Classic:1.1.0
      Include file:  CMSIS\Driver\Config\RTE_Device.h
      Include file:  MDK\Templates\Inc\stm32f4xx_hal_conf.h
      Source file:   MDK\Templates\Src\stm32f4xx_hal_msp.c
      Include file:  MDK\Templates\Inc\stm32f4xx_it.h
      Source file:   MDK\Templates\Src\stm32f4xx_it.c
      Include file:  MDK\Templates\Inc\main.h
      Source file:   MDK\Templates\Src\main.c

   * Component: Keil::Device:STM32Cube HAL:Common:1.1.0
      Include file:  Drivers\STM32F4xx_HAL_Driver\Inc\stm32f4xx_hal.h
      Source file:   Drivers\STM32F4xx_HAL_Driver\Src\stm32f4xx_hal.c

   * Component: Keil::Device:STM32Cube HAL:ADC:1.1.0
      Source file:   Drivers\STM32F4xx_HAL_Driver\Src\stm32f4xx_hal_adc.c
      Source file:   Drivers\STM32F4xx_HAL_Driver\Src\stm32f4xx_hal_adc_ex.c

   * Component: Keil::Device:STM32Cube HAL:Cortex:1.1.0
      Source file:   Drivers\STM32F4xx_HAL_Driver\Src\stm32f4xx_hal_cortex.c

   * Component: Keil::Device:STM32Cube HAL:DMA:1.1.0
      Source file:   Drivers\STM32F4xx_HAL_Driver\Src\stm32f4xx_hal_dma.c
      Source file:   Drivers\STM32F4xx_HAL_Driver\Src\stm32f4xx_hal_dma_ex.c

   * Component: Keil::Device:STM32Cube HAL:GPIO:1.1.0
      Source file:   Drivers\STM32F4xx_HAL_Driver\Src\stm32f4xx_hal_gpio.c

   * Component: Keil::Device:STM32Cube HAL:PWR:1.1.0
      Source file:   Drivers\STM32F4xx_HAL_Driver\Src\stm32f4xx_hal_pwr.c
      Source file:   Drivers\STM32F4xx_HAL_Driver\Src\stm32f4xx_hal_pwr_ex.c

   * Component: Keil::Device:STM32Cube HAL:RCC:1.1.0
      Source file:   Drivers\STM32F4xx_HAL_Driver\Src\stm32f4xx_hal_rcc.c
      Source file:   Drivers\STM32F4xx_HAL_Driver\Src\stm32f4xx_hal_rcc_ex.c

   * Component: Keil::Device:STM32Cube HAL:SPI:1.1.0
      Source file:   Drivers\STM32F4xx_HAL_Driver\Src\stm32f4xx_hal_spi.c

   * Component: Keil::Device:STM32Cube HAL:TIM:1.1.0
      Source file:   Drivers\STM32F4xx_HAL_Driver\Src\stm32f4xx_hal_tim.c
      Source file:   Drivers\STM32F4xx_HAL_Driver\Src\stm32f4xx_hal_tim_ex.c

   * Component: Keil::Device:STM32Cube HAL:UART:1.1.0
      Source file:   Drivers\STM32F4xx_HAL_Driver\Src\stm32f4xx_hal_uart.c

   * Component: Keil::Device:STM32Cube HAL:USART:1.1.0
      Source file:   Drivers\STM32F4xx_HAL_Driver\Src\stm32f4xx_hal_usart.c
Target not created.
</pre>
</body>
</html>
